2023-11-25T21:01:52.520+05:30  INFO 39060 --- [main] com.mstore.MStoreApplicationTests        : Starting MStoreApplicationTests using Java 21.0.1 with PID 39060 (started by malte in D:\Projects\CsProjects\Ecommerse\ecommerce_api)
2023-11-25T21:01:52.528+05:30  INFO 39060 --- [main] com.mstore.MStoreApplicationTests        : No active profile set, falling back to 1 default profile: "default"
2023-11-25T21:01:54.089+05:30  INFO 39060 --- [main] .s.d.r.c.RepositoryConfigurationDelegate : Bootstrapping Spring Data JPA repositories in DEFAULT mode.
2023-11-25T21:01:54.225+05:30  INFO 39060 --- [main] .s.d.r.c.RepositoryConfigurationDelegate : Finished Spring Data repository scanning in 119 ms. Found 11 JPA repository interfaces.
2023-11-25T21:01:55.051+05:30  INFO 39060 --- [main] o.hibernate.jpa.internal.util.LogHelper  : HHH000204: Processing PersistenceUnitInfo [name: default]
2023-11-25T21:01:55.152+05:30  INFO 39060 --- [main] org.hibernate.Version                    : HHH000412: Hibernate ORM core version 6.2.13.Final
2023-11-25T21:01:55.155+05:30  INFO 39060 --- [main] org.hibernate.cfg.Environment            : HHH000406: Using bytecode reflection optimizer
2023-11-25T21:01:55.694+05:30  INFO 39060 --- [main] o.s.o.j.p.SpringPersistenceUnitInfo      : No LoadTimeWeaver setup: ignoring JPA class transformer
2023-11-25T21:01:55.733+05:30  INFO 39060 --- [main] com.zaxxer.hikari.HikariDataSource       : HikariPool-1 - Starting...
2023-11-25T21:01:56.265+05:30  INFO 39060 --- [main] com.zaxxer.hikari.pool.HikariPool        : HikariPool-1 - Added connection com.mysql.cj.jdbc.ConnectionImpl@6fe2a366
2023-11-25T21:01:56.269+05:30  INFO 39060 --- [main] com.zaxxer.hikari.HikariDataSource       : HikariPool-1 - Start completed.
2023-11-25T21:01:57.742+05:30  INFO 39060 --- [main] o.h.e.t.j.p.i.JtaPlatformInitiator       : HHH000489: No JTA platform available (set 'hibernate.transaction.jta.platform' to enable JTA platform integration)
2023-11-25T21:01:57.983+05:30  INFO 39060 --- [main] j.LocalContainerEntityManagerFactoryBean : Initialized JPA EntityManagerFactory for persistence unit 'default'
2023-11-25T21:01:58.428+05:30  INFO 39060 --- [main] o.s.d.j.r.query.QueryEnhancerFactory     : Hibernate is in classpath; If applicable, HQL parser will be used.
2023-11-25T21:01:59.748+05:30  WARN 39060 --- [main] JpaBaseConfiguration$JpaWebConfiguration : spring.jpa.open-in-view is enabled by default. Therefore, database queries may be performed during view rendering. Explicitly configure spring.jpa.open-in-view to disable this warning
2023-11-25T21:01:59.924+05:30  INFO 39060 --- [main] com.mstore.security.SecurityConfig       : Security Filter Chain
2023-11-25T21:01:59.976+05:30  INFO 39060 --- [main] o.s.s.web.DefaultSecurityFilterChain     : Will secure any request with [org.springframework.security.web.session.DisableEncodeUrlFilter@74a121fe, org.springframework.security.web.context.request.async.WebAsyncManagerIntegrationFilter@12639753, org.springframework.security.web.context.SecurityContextHolderFilter@397f3ff5, org.springframework.security.web.header.HeaderWriterFilter@2c2f4769, org.springframework.security.web.csrf.CsrfFilter@13b012, org.springframework.security.web.authentication.logout.LogoutFilter@75ee63f2, org.springframework.security.web.authentication.www.BasicAuthenticationFilter@6f0124b5, org.springframework.security.web.savedrequest.RequestCacheAwareFilter@3299cc9f, org.springframework.security.web.servletapi.SecurityContextHolderAwareRequestFilter@54a332e4, org.springframework.security.web.authentication.AnonymousAuthenticationFilter@7c5a7f, org.springframework.security.web.access.ExceptionTranslationFilter@3b0b20a8, org.springframework.security.web.access.intercept.AuthorizationFilter@58477355]
2023-11-25T21:02:00.979+05:30  INFO 39060 --- [main] o.s.b.a.e.web.EndpointLinksResolver      : Exposing 1 endpoint(s) beneath base path '/actuator'
2023-11-25T21:02:01.102+05:30  INFO 39060 --- [main] com.mstore.MStoreApplicationTests        : Started MStoreApplicationTests in 8.943 seconds (process running for 10.687)
2023-11-25T21:02:01.920+05:30  INFO 39060 --- [SpringApplicationShutdownHook] j.LocalContainerEntityManagerFactoryBean : Closing JPA EntityManagerFactory for persistence unit 'default'
2023-11-25T21:02:01.924+05:30  INFO 39060 --- [SpringApplicationShutdownHook] com.zaxxer.hikari.HikariDataSource       : HikariPool-1 - Shutdown initiated...
2023-11-25T21:02:01.937+05:30  INFO 39060 --- [SpringApplicationShutdownHook] com.zaxxer.hikari.HikariDataSource       : HikariPool-1 - Shutdown completed.
2023-11-25T21:03:51.168+05:30  INFO 9744 --- [main] com.mstore.MStoreApplicationTests        : Starting MStoreApplicationTests using Java 21.0.1 with PID 9744 (started by malte in d:\Projects\CsProjects\Ecommerse\ecommerce_api)
2023-11-25T21:03:51.170+05:30  INFO 9744 --- [main] com.mstore.MStoreApplicationTests        : No active profile set, falling back to 1 default profile: "default"
2023-11-25T21:03:52.297+05:30  INFO 9744 --- [main] .s.d.r.c.RepositoryConfigurationDelegate : Bootstrapping Spring Data JPA repositories in DEFAULT mode.
2023-11-25T21:03:52.424+05:30  INFO 9744 --- [main] .s.d.r.c.RepositoryConfigurationDelegate : Finished Spring Data repository scanning in 116 ms. Found 11 JPA repository interfaces.
2023-11-25T21:03:53.231+05:30  INFO 9744 --- [main] o.hibernate.jpa.internal.util.LogHelper  : HHH000204: Processing PersistenceUnitInfo [name: default]
2023-11-25T21:03:53.308+05:30  INFO 9744 --- [main] org.hibernate.Version                    : HHH000412: Hibernate ORM core version 6.2.13.Final
2023-11-25T21:03:53.311+05:30  INFO 9744 --- [main] org.hibernate.cfg.Environment            : HHH000406: Using bytecode reflection optimizer
2023-11-25T21:03:53.787+05:30  INFO 9744 --- [main] o.s.o.j.p.SpringPersistenceUnitInfo      : No LoadTimeWeaver setup: ignoring JPA class transformer
2023-11-25T21:03:53.821+05:30  INFO 9744 --- [main] com.zaxxer.hikari.HikariDataSource       : HikariPool-1 - Starting...
2023-11-25T21:03:54.347+05:30  INFO 9744 --- [main] com.zaxxer.hikari.pool.HikariPool        : HikariPool-1 - Added connection com.mysql.cj.jdbc.ConnectionImpl@304068
2023-11-25T21:03:54.349+05:30  INFO 9744 --- [main] com.zaxxer.hikari.HikariDataSource       : HikariPool-1 - Start completed.
2023-11-25T21:03:55.849+05:30  INFO 9744 --- [main] o.h.e.t.j.p.i.JtaPlatformInitiator       : HHH000489: No JTA platform available (set 'hibernate.transaction.jta.platform' to enable JTA platform integration)
2023-11-25T21:03:56.031+05:30  INFO 9744 --- [main] j.LocalContainerEntityManagerFactoryBean : Initialized JPA EntityManagerFactory for persistence unit 'default'
2023-11-25T21:03:56.469+05:30  INFO 9744 --- [main] o.s.d.j.r.query.QueryEnhancerFactory     : Hibernate is in classpath; If applicable, HQL parser will be used.
2023-11-25T21:03:57.413+05:30  WARN 9744 --- [main] JpaBaseConfiguration$JpaWebConfiguration : spring.jpa.open-in-view is enabled by default. Therefore, database queries may be performed during view rendering. Explicitly configure spring.jpa.open-in-view to disable this warning
2023-11-25T21:03:57.631+05:30  INFO 9744 --- [main] com.mstore.security.SecurityConfig       : Security Filter Chain
2023-11-25T21:03:57.680+05:30  INFO 9744 --- [main] o.s.s.web.DefaultSecurityFilterChain     : Will secure any request with [org.springframework.security.web.session.DisableEncodeUrlFilter@5498d2a2, org.springframework.security.web.context.request.async.WebAsyncManagerIntegrationFilter@1d280bab, org.springframework.security.web.context.SecurityContextHolderFilter@62e7e3df, org.springframework.security.web.header.HeaderWriterFilter@3b0b20a8, org.springframework.security.web.csrf.CsrfFilter@2baf2c6, org.springframework.security.web.authentication.logout.LogoutFilter@7f69a16b, org.springframework.security.web.authentication.www.BasicAuthenticationFilter@282c3aa0, org.springframework.security.web.savedrequest.RequestCacheAwareFilter@397f3ff5, org.springframework.security.web.servletapi.SecurityContextHolderAwareRequestFilter@2e8488f4, org.springframework.security.web.authentication.AnonymousAuthenticationFilter@74a121fe, org.springframework.security.web.access.ExceptionTranslationFilter@6259f18e, org.springframework.security.web.access.intercept.AuthorizationFilter@4dd11699]
2023-11-25T21:03:58.464+05:30  INFO 9744 --- [main] o.s.b.a.e.web.EndpointLinksResolver      : Exposing 1 endpoint(s) beneath base path '/actuator'
2023-11-25T21:03:58.548+05:30  INFO 9744 --- [main] com.mstore.MStoreApplicationTests        : Started MStoreApplicationTests in 7.724 seconds (process running for 9.254)
2023-11-25T21:03:59.343+05:30  INFO 9744 --- [SpringApplicationShutdownHook] j.LocalContainerEntityManagerFactoryBean : Closing JPA EntityManagerFactory for persistence unit 'default'
2023-11-25T21:03:59.347+05:30  INFO 9744 --- [SpringApplicationShutdownHook] com.zaxxer.hikari.HikariDataSource       : HikariPool-1 - Shutdown initiated...
2023-11-25T21:03:59.361+05:30  INFO 9744 --- [SpringApplicationShutdownHook] com.zaxxer.hikari.HikariDataSource       : HikariPool-1 - Shutdown completed.
2023-11-25T21:18:57.347+05:30  INFO 24224 --- [main] com.mstore.MStoreApplicationTests        : Starting MStoreApplicationTests using Java 21.0.1 with PID 24224 (started by malte in d:\Projects\CsProjects\Ecommerse\ecommerce_api)
2023-11-25T21:18:57.349+05:30  INFO 24224 --- [main] com.mstore.MStoreApplicationTests        : No active profile set, falling back to 1 default profile: "default"
2023-11-25T21:18:58.476+05:30  INFO 24224 --- [main] .s.d.r.c.RepositoryConfigurationDelegate : Bootstrapping Spring Data JPA repositories in DEFAULT mode.
2023-11-25T21:18:58.587+05:30  INFO 24224 --- [main] .s.d.r.c.RepositoryConfigurationDelegate : Finished Spring Data repository scanning in 99 ms. Found 11 JPA repository interfaces.
2023-11-25T21:18:59.250+05:30  INFO 24224 --- [main] o.hibernate.jpa.internal.util.LogHelper  : HHH000204: Processing PersistenceUnitInfo [name: default]
2023-11-25T21:18:59.318+05:30  INFO 24224 --- [main] org.hibernate.Version                    : HHH000412: Hibernate ORM core version 6.2.13.Final
2023-11-25T21:18:59.322+05:30  INFO 24224 --- [main] org.hibernate.cfg.Environment            : HHH000406: Using bytecode reflection optimizer
2023-11-25T21:18:59.702+05:30  INFO 24224 --- [main] o.s.o.j.p.SpringPersistenceUnitInfo      : No LoadTimeWeaver setup: ignoring JPA class transformer
2023-11-25T21:18:59.734+05:30  INFO 24224 --- [main] com.zaxxer.hikari.HikariDataSource       : HikariPool-1 - Starting...
2023-11-25T21:19:00.206+05:30  INFO 24224 --- [main] com.zaxxer.hikari.pool.HikariPool        : HikariPool-1 - Added connection com.mysql.cj.jdbc.ConnectionImpl@347b370c
2023-11-25T21:19:00.208+05:30  INFO 24224 --- [main] com.zaxxer.hikari.HikariDataSource       : HikariPool-1 - Start completed.
2023-11-25T21:19:01.538+05:30  INFO 24224 --- [main] o.h.e.t.j.p.i.JtaPlatformInitiator       : HHH000489: No JTA platform available (set 'hibernate.transaction.jta.platform' to enable JTA platform integration)
2023-11-25T21:19:01.718+05:30  INFO 24224 --- [main] j.LocalContainerEntityManagerFactoryBean : Initialized JPA EntityManagerFactory for persistence unit 'default'
2023-11-25T21:19:02.098+05:30  INFO 24224 --- [main] o.s.d.j.r.query.QueryEnhancerFactory     : Hibernate is in classpath; If applicable, HQL parser will be used.
2023-11-25T21:19:02.965+05:30  WARN 24224 --- [main] JpaBaseConfiguration$JpaWebConfiguration : spring.jpa.open-in-view is enabled by default. Therefore, database queries may be performed during view rendering. Explicitly configure spring.jpa.open-in-view to disable this warning
2023-11-25T21:19:03.137+05:30  INFO 24224 --- [main] com.mstore.security.SecurityConfig       : Security Filter Chain
2023-11-25T21:19:03.186+05:30  INFO 24224 --- [main] o.s.s.web.DefaultSecurityFilterChain     : Will secure any request with [org.springframework.security.web.session.DisableEncodeUrlFilter@db9ecd, org.springframework.security.web.context.request.async.WebAsyncManagerIntegrationFilter@23ac164d, org.springframework.security.web.context.SecurityContextHolderFilter@4170ee0f, org.springframework.security.web.header.HeaderWriterFilter@7c8ecc27, org.springframework.security.web.csrf.CsrfFilter@496101d1, org.springframework.security.web.authentication.logout.LogoutFilter@10db002c, org.springframework.security.web.authentication.www.BasicAuthenticationFilter@1476e447, org.springframework.security.web.savedrequest.RequestCacheAwareFilter@1080234b, org.springframework.security.web.servletapi.SecurityContextHolderAwareRequestFilter@1bb1ba54, org.springframework.security.web.authentication.AnonymousAuthenticationFilter@4057babc, org.springframework.security.web.access.ExceptionTranslationFilter@196519dd, org.springframework.security.web.access.intercept.AuthorizationFilter@3abe8714]
2023-11-25T21:19:03.901+05:30  INFO 24224 --- [main] o.s.b.a.e.web.EndpointLinksResolver      : Exposing 1 endpoint(s) beneath base path '/actuator'
2023-11-25T21:19:03.991+05:30  INFO 24224 --- [main] com.mstore.MStoreApplicationTests        : Started MStoreApplicationTests in 6.957 seconds (process running for 8.269)
2023-11-25T21:19:04.653+05:30  INFO 24224 --- [SpringApplicationShutdownHook] j.LocalContainerEntityManagerFactoryBean : Closing JPA EntityManagerFactory for persistence unit 'default'
2023-11-25T21:19:04.656+05:30  INFO 24224 --- [SpringApplicationShutdownHook] com.zaxxer.hikari.HikariDataSource       : HikariPool-1 - Shutdown initiated...
2023-11-25T21:19:04.671+05:30  INFO 24224 --- [SpringApplicationShutdownHook] com.zaxxer.hikari.HikariDataSource       : HikariPool-1 - Shutdown completed.
2023-11-25T21:21:02.496+05:30  INFO 25920 --- [main] com.mstore.MStoreApplicationTests        : Starting MStoreApplicationTests using Java 21.0.1 with PID 25920 (started by malte in D:\Projects\CsProjects\Ecommerse\ecommerce_api)
2023-11-25T21:21:02.499+05:30  INFO 25920 --- [main] com.mstore.MStoreApplicationTests        : No active profile set, falling back to 1 default profile: "default"
2023-11-25T21:21:03.632+05:30  INFO 25920 --- [main] .s.d.r.c.RepositoryConfigurationDelegate : Bootstrapping Spring Data JPA repositories in DEFAULT mode.
2023-11-25T21:21:03.771+05:30  INFO 25920 --- [main] .s.d.r.c.RepositoryConfigurationDelegate : Finished Spring Data repository scanning in 126 ms. Found 11 JPA repository interfaces.
2023-11-25T21:21:04.438+05:30  INFO 25920 --- [main] o.hibernate.jpa.internal.util.LogHelper  : HHH000204: Processing PersistenceUnitInfo [name: default]
2023-11-25T21:21:04.519+05:30  INFO 25920 --- [main] org.hibernate.Version                    : HHH000412: Hibernate ORM core version 6.2.13.Final
2023-11-25T21:21:04.522+05:30  INFO 25920 --- [main] org.hibernate.cfg.Environment            : HHH000406: Using bytecode reflection optimizer
2023-11-25T21:21:05.074+05:30  INFO 25920 --- [main] o.s.o.j.p.SpringPersistenceUnitInfo      : No LoadTimeWeaver setup: ignoring JPA class transformer
2023-11-25T21:21:05.121+05:30  INFO 25920 --- [main] com.zaxxer.hikari.HikariDataSource       : HikariPool-1 - Starting...
2023-11-25T21:21:05.620+05:30  INFO 25920 --- [main] com.zaxxer.hikari.pool.HikariPool        : HikariPool-1 - Added connection com.mysql.cj.jdbc.ConnectionImpl@35fb3209
2023-11-25T21:21:05.622+05:30  INFO 25920 --- [main] com.zaxxer.hikari.HikariDataSource       : HikariPool-1 - Start completed.
2023-11-25T21:21:06.994+05:30  INFO 25920 --- [main] o.h.e.t.j.p.i.JtaPlatformInitiator       : HHH000489: No JTA platform available (set 'hibernate.transaction.jta.platform' to enable JTA platform integration)
2023-11-25T21:21:07.176+05:30  INFO 25920 --- [main] j.LocalContainerEntityManagerFactoryBean : Initialized JPA EntityManagerFactory for persistence unit 'default'
2023-11-25T21:21:07.538+05:30  INFO 25920 --- [main] o.s.d.j.r.query.QueryEnhancerFactory     : Hibernate is in classpath; If applicable, HQL parser will be used.
2023-11-25T21:21:08.378+05:30  WARN 25920 --- [main] JpaBaseConfiguration$JpaWebConfiguration : spring.jpa.open-in-view is enabled by default. Therefore, database queries may be performed during view rendering. Explicitly configure spring.jpa.open-in-view to disable this warning
2023-11-25T21:21:08.561+05:30  INFO 25920 --- [main] com.mstore.security.SecurityConfig       : Security Filter Chain
2023-11-25T21:21:08.619+05:30  INFO 25920 --- [main] o.s.s.web.DefaultSecurityFilterChain     : Will secure any request with [org.springframework.security.web.session.DisableEncodeUrlFilter@d3effcb, org.springframework.security.web.context.request.async.WebAsyncManagerIntegrationFilter@1743c249, org.springframework.security.web.context.SecurityContextHolderFilter@25727f74, org.springframework.security.web.header.HeaderWriterFilter@6e245068, org.springframework.security.web.csrf.CsrfFilter@7900d917, org.springframework.security.web.authentication.logout.LogoutFilter@1835b24b, org.springframework.security.web.authentication.www.BasicAuthenticationFilter@7bbc3b6e, org.springframework.security.web.savedrequest.RequestCacheAwareFilter@312af870, org.springframework.security.web.servletapi.SecurityContextHolderAwareRequestFilter@5034e0c6, org.springframework.security.web.authentication.AnonymousAuthenticationFilter@2531049f, org.springframework.security.web.access.ExceptionTranslationFilter@1080234b, org.springframework.security.web.access.intercept.AuthorizationFilter@6f3d33bc]
2023-11-25T21:21:09.402+05:30  INFO 25920 --- [main] o.s.b.a.e.web.EndpointLinksResolver      : Exposing 1 endpoint(s) beneath base path '/actuator'
2023-11-25T21:21:09.483+05:30  INFO 25920 --- [main] com.mstore.MStoreApplicationTests        : Started MStoreApplicationTests in 7.304 seconds (process running for 8.508)
2023-11-25T21:21:10.170+05:30  INFO 25920 --- [SpringApplicationShutdownHook] j.LocalContainerEntityManagerFactoryBean : Closing JPA EntityManagerFactory for persistence unit 'default'
2023-11-25T21:21:10.172+05:30  INFO 25920 --- [SpringApplicationShutdownHook] com.zaxxer.hikari.HikariDataSource       : HikariPool-1 - Shutdown initiated...
2023-11-25T21:21:10.187+05:30  INFO 25920 --- [SpringApplicationShutdownHook] com.zaxxer.hikari.HikariDataSource       : HikariPool-1 - Shutdown completed.
